<?xml version="1.0" encoding="UTF-8"?>
<!-- Generated by org.testng.reporters.JUnitReportReporter -->
<testsuite skipped="0" hostname="SunitaVedAnn" name="com.actitime.test.TestActitimeLoginaAndLogout" tests="1" failures="0" timestamp="22 Aug 2022 15:00:06 GMT" time="40.958" errors="0">
  <testcase name="verifyLoginAndLogout" time="40.958" classname="com.actitime.test.TestActitimeLoginaAndLogout"/>
</testsuite> <!-- com.actitime.test.TestActitimeLoginaAndLogout -->
